17:27:22 INFO  : Registering command handlers for SDK TCF services
17:27:22 INFO  : Launching XSCT server: xsct.bat -interactive C:\Users\wasab\Documents\GitHub\wasabiscn.github.io\Home\GITSIM_fw\temp_xsdb_launch_script.tcl
17:27:25 INFO  : XSCT server has started successfully.
17:27:26 INFO  : Successfully done setting XSCT server connection channel  
17:27:26 INFO  : Successfully done setting SDK workspace  
17:28:45 ERROR : The Hardware Project referenced by this BSP (odo_bsp) was not found in this workspace. As a result, this BSP will not build properly. To fix this error, please import the associated hardware project or recreate a new BSP targeting an existing hardware platform.
17:28:49 ERROR : (XSDB Server)ERROR: [Hsi 55-1403] C:/Xilinx/Vivado/Projects/Firmware_ODO_V1.1_ADST/progetto_vivado/Odometria_Rev1.1.sdk/odo_bsp/system.mss line 27 - No IP instance named GIT_ENCODER_1_Duty_Cycle_A_0 present in hardware design
ERROR: [Hsi 55-1403] C:/Xilinx/Vivado/Projects/Firmware_ODO_V1.1_ADST/progetto_vivado/Odometria_Rev1.1.sdk/odo_bsp/system.mss line 33 - No IP instance named GIT_ENCODER_1_Duty_Cycle_A_1 present in hardware design
ERROR: [Hsi 55-1403] C:/Xilinx/Vivado/Projects/Firmware_ODO_V1.1_ADST/progetto_vivado/Odometria_Rev1.1.sdk/odo_bsp/system.mss line 39 - No IP instance named GIT_ENCODER_1_Phase_Shift_A_0 present in hardware design

17:28:49 ERROR : (XSDB Server)ERROR: [Hsi 55-1452] Error: running open_sw_design.

17:28:49 ERROR :  [Common 17-39] 'hsi::open_sw_design' failed due to earlier errors.
17:28:49 ERROR : (XSDB Server)ERROR: [Hsi 55-1403] C:/Xilinx/Vivado/Projects/Firmware_ODO_V1.1_ADST/progetto_vivado/Odometria_Rev1.1.sdk/odo_bsp/system.mss line 27 - No IP instance named GIT_ENCODER_1_Duty_Cycle_A_0 present in hardware design

17:28:49 ERROR : (XSDB Server)ERROR: [Hsi 55-1403] C:/Xilinx/Vivado/Projects/Firmware_ODO_V1.1_ADST/progetto_vivado/Odometria_Rev1.1.sdk/odo_bsp/system.mss line 33 - No IP instance named GIT_ENCODER_1_Duty_Cycle_A_1 present in hardware design
ERROR: [Hsi 55-1403] C:/Xilinx/Vivado/Projects/Firmware_ODO_V1.1_ADST/progetto_vivado/Odometria_Rev1.1.sdk/odo_bsp/system.mss line 39 - No IP instance named GIT_ENCODER_1_Phase_Shift_A_0 present in hardware design

17:28:49 ERROR : (XSDB Server)ERROR: [Hsi 55-1452] Error: running open_sw_design.

17:28:49 INFO  : Unable to read in MSS file C:\Xilinx\Vivado\Projects\Firmware_ODO_V1.1_ADST\progetto_vivado\Odometria_Rev1.1.sdk\odo_bsp\system.mss : null
17:28:49 ERROR : (XSDB Server)ERROR: [Hsi 55-1403] C:/Xilinx/Vivado/Projects/Firmware_ODO_V1.1_ADST/progetto_vivado/Odometria_Rev1.1.sdk/odo_bsp/system.mss line 27 - No IP instance named GIT_ENCODER_1_Duty_Cycle_A_0 present in hardware design

17:28:49 ERROR : (XSDB Server)ERROR: [Hsi 55-1403] C:/Xilinx/Vivado/Projects/Firmware_ODO_V1.1_ADST/progetto_vivado/Odometria_Rev1.1.sdk/odo_bsp/system.mss line 33 - No IP instance named GIT_ENCODER_1_Duty_Cycle_A_1 present in hardware design
ERROR: [Hsi 55-1403] C:/Xilinx/Vivado/Projects/Firmware_ODO_V1.1_ADST/progetto_vivado/Odometria_Rev1.1.sdk/odo_bsp/system.mss line 39 - No IP instance named GIT_ENCODER_1_Phase_Shift_A_0 present in hardware design

17:28:49 ERROR : (XSDB Server)ERROR: [Hsi 55-1452] Error: running open_sw_design.

17:28:49 ERROR : (XSDB Server)ERROR: [Hsi 55-1403] C:/Xilinx/Vivado/Projects/Firmware_ODO_V1.1_ADST/progetto_vivado/Odometria_Rev1.1.sdk/odo_bsp/system.mss line 27 - No IP instance named GIT_ENCODER_1_Duty_Cycle_A_0 present in hardware design

17:28:49 ERROR : (XSDB Server)ERROR: [Hsi 55-1403] C:/Xilinx/Vivado/Projects/Firmware_ODO_V1.1_ADST/progetto_vivado/Odometria_Rev1.1.sdk/odo_bsp/system.mss line 33 - No IP instance named GIT_ENCODER_1_Duty_Cycle_A_1 present in hardware design
ERROR: [Hsi 55-1403] C:/Xilinx/Vivado/Projects/Firmware_ODO_V1.1_ADST/progetto_vivado/Odometria_Rev1.1.sdk/odo_bsp/system.mss line 39 - No IP instance named GIT_ENCODER_1_Phase_Shift_A_0 present in hardware design

17:28:49 ERROR : (XSDB Server)ERROR: [Hsi 55-1452] Error: running open_sw_design.

17:28:49 ERROR : Failed to get_connected_periphs
Reason: ERROR: [Common 17-55] 'get_property' expects at least one object.
Resolution: If [get_<value>] was used to populate the object, check to make sure this command returns at least one valid object.

